<?xml version="1.0" encoding="UTF-8"?>
<testng-results ignored="0" total="1" passed="1" failed="0" skipped="0">
  <reporter-output>
  </reporter-output>
  <suite started-at="2024-01-31T19:30:09 IST" name="Default suite" finished-at="2024-01-31T19:30:19 IST" duration-ms="10563">
    <groups>
    </groups>
    <test started-at="2024-01-31T19:30:09 IST" name="Default test" finished-at="2024-01-31T19:30:19 IST" duration-ms="10563">
      <class name="TestCases.LoginTestCase">
        <test-method signature="login()[pri:0, instance:TestCases.LoginTestCase@1725dc0f]" started-at="2024-01-31T19:30:09 IST" name="login" finished-at="2024-01-31T19:30:19 IST" duration-ms="10482" status="PASS">
          <reporter-output>
          </reporter-output>
        </test-method> <!-- login -->
      </class> <!-- TestCases.LoginTestCase -->
    </test> <!-- Default test -->
  </suite> <!-- Default suite -->
</testng-results>
